{"level":"info","message":"Loaded mTLS client certificates from D:\\Aman_K_Project\\DCIM\\DCIM_Server\\certs","service":"dcim-aggregator","timestamp":"2026-02-11 14:31:03"}
{"level":"info","message":"PostgreSQL connected","service":"dcim-aggregator","timestamp":"2026-02-11 14:31:04"}
{"level":"info","message":"Redis connected","service":"dcim-aggregator","timestamp":"2026-02-11 14:31:04"}
{"level":"info","message":"Metrics sync worker started (every 10s)","service":"dcim-aggregator","timestamp":"2026-02-11 14:31:04"}
{"level":"info","message":"Agents sync worker started (every 30s)","service":"dcim-aggregator","timestamp":"2026-02-11 14:31:04"}
{"level":"info","message":"Alerts sync worker started (every 15s)","service":"dcim-aggregator","timestamp":"2026-02-11 14:31:04"}
{"level":"info","message":"Health monitor worker started (every 30s)","service":"dcim-aggregator","timestamp":"2026-02-11 14:31:04"}
{"level":"info","message":"DCIM Aggregator listening on port 3002","service":"dcim-aggregator","timestamp":"2026-02-11 14:31:04"}
{"level":"info","message":"Environment: development","service":"dcim-aggregator","timestamp":"2026-02-11 14:31:04"}
{"level":"info","message":"Health check: http://localhost:3002/health","service":"dcim-aggregator","timestamp":"2026-02-11 14:31:04"}
{"level":"info","message":"Synced 41 alerts from server e18fa7f0-10f8-4716-889e-237cd0516f23","service":"dcim-aggregator","timestamp":"2026-02-11 14:31:15"}
{"level":"info","message":"Synced 1 agents from server e18fa7f0-10f8-4716-889e-237cd0516f23","service":"dcim-aggregator","timestamp":"2026-02-11 14:31:30"}
{"level":"info","message":"Synced 43 alerts from server e18fa7f0-10f8-4716-889e-237cd0516f23","service":"dcim-aggregator","timestamp":"2026-02-11 14:31:30"}
{"level":"info","message":"Synced 44 alerts from server e18fa7f0-10f8-4716-889e-237cd0516f23","service":"dcim-aggregator","timestamp":"2026-02-11 14:31:45"}
{"level":"info","message":"Synced 44 alerts from server e18fa7f0-10f8-4716-889e-237cd0516f23","service":"dcim-aggregator","timestamp":"2026-02-11 14:32:00"}
{"level":"info","message":"Synced 1 agents from server e18fa7f0-10f8-4716-889e-237cd0516f23","service":"dcim-aggregator","timestamp":"2026-02-11 14:32:00"}
{"level":"info","message":"Synced 44 alerts from server e18fa7f0-10f8-4716-889e-237cd0516f23","service":"dcim-aggregator","timestamp":"2026-02-11 14:32:15"}
{"level":"info","message":"Synced 1 agents from server e18fa7f0-10f8-4716-889e-237cd0516f23","service":"dcim-aggregator","timestamp":"2026-02-11 14:32:30"}
{"level":"info","message":"Synced 44 alerts from server e18fa7f0-10f8-4716-889e-237cd0516f23","service":"dcim-aggregator","timestamp":"2026-02-11 14:32:31"}
{"level":"info","message":"Synced 44 alerts from server e18fa7f0-10f8-4716-889e-237cd0516f23","service":"dcim-aggregator","timestamp":"2026-02-11 14:32:46"}
{"level":"info","message":"Synced 1 agents from server e18fa7f0-10f8-4716-889e-237cd0516f23","service":"dcim-aggregator","timestamp":"2026-02-11 14:33:00"}
{"level":"info","message":"Synced 44 alerts from server e18fa7f0-10f8-4716-889e-237cd0516f23","service":"dcim-aggregator","timestamp":"2026-02-11 14:33:00"}
{"level":"info","message":"Synced 44 alerts from server e18fa7f0-10f8-4716-889e-237cd0516f23","service":"dcim-aggregator","timestamp":"2026-02-11 14:33:15"}
{"level":"info","message":"Synced 1 agents from server e18fa7f0-10f8-4716-889e-237cd0516f23","service":"dcim-aggregator","timestamp":"2026-02-11 14:33:30"}
{"level":"info","message":"Synced 44 alerts from server e18fa7f0-10f8-4716-889e-237cd0516f23","service":"dcim-aggregator","timestamp":"2026-02-11 14:33:30"}
{"level":"info","message":"Synced 44 alerts from server e18fa7f0-10f8-4716-889e-237cd0516f23","service":"dcim-aggregator","timestamp":"2026-02-11 14:33:45"}
{"level":"info","message":"Synced 1 agents from server e18fa7f0-10f8-4716-889e-237cd0516f23","service":"dcim-aggregator","timestamp":"2026-02-11 14:34:00"}
{"level":"info","message":"Synced 44 alerts from server e18fa7f0-10f8-4716-889e-237cd0516f23","service":"dcim-aggregator","timestamp":"2026-02-11 14:34:00"}
{"level":"info","message":"Synced 45 alerts from server e18fa7f0-10f8-4716-889e-237cd0516f23","service":"dcim-aggregator","timestamp":"2026-02-11 14:34:15"}
{"level":"info","message":"Synced 1 agents from server e18fa7f0-10f8-4716-889e-237cd0516f23","service":"dcim-aggregator","timestamp":"2026-02-11 14:34:31"}
{"level":"info","message":"Synced 45 alerts from server e18fa7f0-10f8-4716-889e-237cd0516f23","service":"dcim-aggregator","timestamp":"2026-02-11 14:34:31"}
{"level":"info","message":"Synced 46 alerts from server e18fa7f0-10f8-4716-889e-237cd0516f23","service":"dcim-aggregator","timestamp":"2026-02-11 14:34:45"}
{"level":"info","message":"Synced 1 agents from server e18fa7f0-10f8-4716-889e-237cd0516f23","service":"dcim-aggregator","timestamp":"2026-02-11 14:35:00"}
{"level":"info","message":"Synced 46 alerts from server e18fa7f0-10f8-4716-889e-237cd0516f23","service":"dcim-aggregator","timestamp":"2026-02-11 14:35:00"}
{"level":"info","message":"Synced 47 alerts from server e18fa7f0-10f8-4716-889e-237cd0516f23","service":"dcim-aggregator","timestamp":"2026-02-11 14:35:15"}
{"level":"info","message":"Synced 1 agents from server e18fa7f0-10f8-4716-889e-237cd0516f23","service":"dcim-aggregator","timestamp":"2026-02-11 14:35:30"}
{"level":"info","message":"Synced 47 alerts from server e18fa7f0-10f8-4716-889e-237cd0516f23","service":"dcim-aggregator","timestamp":"2026-02-11 14:35:30"}
{"level":"info","message":"Synced 48 alerts from server e18fa7f0-10f8-4716-889e-237cd0516f23","service":"dcim-aggregator","timestamp":"2026-02-11 14:35:45"}
{"level":"info","message":"Synced 1 agents from server e18fa7f0-10f8-4716-889e-237cd0516f23","service":"dcim-aggregator","timestamp":"2026-02-11 14:36:00"}
{"level":"info","message":"Synced 48 alerts from server e18fa7f0-10f8-4716-889e-237cd0516f23","service":"dcim-aggregator","timestamp":"2026-02-11 14:36:00"}
{"level":"info","message":"Synced 49 alerts from server e18fa7f0-10f8-4716-889e-237cd0516f23","service":"dcim-aggregator","timestamp":"2026-02-11 14:36:16"}
{"level":"info","message":"Synced 1 agents from server e18fa7f0-10f8-4716-889e-237cd0516f23","service":"dcim-aggregator","timestamp":"2026-02-11 14:36:30"}
{"level":"info","message":"Synced 49 alerts from server e18fa7f0-10f8-4716-889e-237cd0516f23","service":"dcim-aggregator","timestamp":"2026-02-11 14:36:30"}
{"level":"info","message":"Synced 50 alerts from server e18fa7f0-10f8-4716-889e-237cd0516f23","service":"dcim-aggregator","timestamp":"2026-02-11 14:36:45"}
{"level":"info","message":"Synced 1 agents from server e18fa7f0-10f8-4716-889e-237cd0516f23","service":"dcim-aggregator","timestamp":"2026-02-11 14:37:00"}
{"level":"info","message":"Synced 50 alerts from server e18fa7f0-10f8-4716-889e-237cd0516f23","service":"dcim-aggregator","timestamp":"2026-02-11 14:37:00"}
{"level":"info","message":"Synced 49 alerts from server e18fa7f0-10f8-4716-889e-237cd0516f23","service":"dcim-aggregator","timestamp":"2026-02-11 14:37:15"}
{"level":"info","message":"Synced 1 agents from server e18fa7f0-10f8-4716-889e-237cd0516f23","service":"dcim-aggregator","timestamp":"2026-02-11 14:37:30"}
{"level":"info","message":"Synced 49 alerts from server e18fa7f0-10f8-4716-889e-237cd0516f23","service":"dcim-aggregator","timestamp":"2026-02-11 14:37:30"}
{"level":"info","message":"Synced 50 alerts from server e18fa7f0-10f8-4716-889e-237cd0516f23","service":"dcim-aggregator","timestamp":"2026-02-11 14:37:45"}
{"level":"info","message":"Synced 1 agents from server e18fa7f0-10f8-4716-889e-237cd0516f23","service":"dcim-aggregator","timestamp":"2026-02-11 14:38:00"}
{"level":"info","message":"Synced 50 alerts from server e18fa7f0-10f8-4716-889e-237cd0516f23","service":"dcim-aggregator","timestamp":"2026-02-11 14:38:00"}
{"level":"info","message":"Synced 51 alerts from server e18fa7f0-10f8-4716-889e-237cd0516f23","service":"dcim-aggregator","timestamp":"2026-02-11 14:38:16"}
{"level":"info","message":"Synced 1 agents from server e18fa7f0-10f8-4716-889e-237cd0516f23","service":"dcim-aggregator","timestamp":"2026-02-11 14:38:30"}
{"level":"info","message":"Synced 51 alerts from server e18fa7f0-10f8-4716-889e-237cd0516f23","service":"dcim-aggregator","timestamp":"2026-02-11 14:38:30"}
{"level":"info","message":"Synced 52 alerts from server e18fa7f0-10f8-4716-889e-237cd0516f23","service":"dcim-aggregator","timestamp":"2026-02-11 14:38:45"}
{"level":"info","message":"Synced 1 agents from server e18fa7f0-10f8-4716-889e-237cd0516f23","service":"dcim-aggregator","timestamp":"2026-02-11 14:39:00"}
{"level":"info","message":"Synced 52 alerts from server e18fa7f0-10f8-4716-889e-237cd0516f23","service":"dcim-aggregator","timestamp":"2026-02-11 14:39:00"}
{"level":"info","message":"Synced 53 alerts from server e18fa7f0-10f8-4716-889e-237cd0516f23","service":"dcim-aggregator","timestamp":"2026-02-11 14:39:15"}
{"level":"info","message":"Synced 1 agents from server e18fa7f0-10f8-4716-889e-237cd0516f23","service":"dcim-aggregator","timestamp":"2026-02-11 14:39:30"}
{"level":"info","message":"Synced 53 alerts from server e18fa7f0-10f8-4716-889e-237cd0516f23","service":"dcim-aggregator","timestamp":"2026-02-11 14:39:30"}
{"level":"info","message":"Synced 53 alerts from server e18fa7f0-10f8-4716-889e-237cd0516f23","service":"dcim-aggregator","timestamp":"2026-02-11 14:39:45"}
{"level":"info","message":"Synced 1 agents from server e18fa7f0-10f8-4716-889e-237cd0516f23","service":"dcim-aggregator","timestamp":"2026-02-11 14:40:01"}
{"level":"info","message":"Synced 53 alerts from server e18fa7f0-10f8-4716-889e-237cd0516f23","service":"dcim-aggregator","timestamp":"2026-02-11 14:40:01"}
{"level":"info","message":"Synced 53 alerts from server e18fa7f0-10f8-4716-889e-237cd0516f23","service":"dcim-aggregator","timestamp":"2026-02-11 14:40:15"}
{"level":"info","message":"Synced 1 agents from server e18fa7f0-10f8-4716-889e-237cd0516f23","service":"dcim-aggregator","timestamp":"2026-02-11 14:40:30"}
{"level":"info","message":"Synced 53 alerts from server e18fa7f0-10f8-4716-889e-237cd0516f23","service":"dcim-aggregator","timestamp":"2026-02-11 14:40:30"}
{"level":"info","message":"Synced 53 alerts from server e18fa7f0-10f8-4716-889e-237cd0516f23","service":"dcim-aggregator","timestamp":"2026-02-11 14:40:45"}
{"level":"info","message":"Synced 1 agents from server e18fa7f0-10f8-4716-889e-237cd0516f23","service":"dcim-aggregator","timestamp":"2026-02-11 14:41:00"}
{"level":"info","message":"Synced 53 alerts from server e18fa7f0-10f8-4716-889e-237cd0516f23","service":"dcim-aggregator","timestamp":"2026-02-11 14:41:00"}
{"level":"info","message":"Synced 53 alerts from server e18fa7f0-10f8-4716-889e-237cd0516f23","service":"dcim-aggregator","timestamp":"2026-02-11 14:41:15"}
{"level":"info","message":"Synced 1 agents from server e18fa7f0-10f8-4716-889e-237cd0516f23","service":"dcim-aggregator","timestamp":"2026-02-11 14:41:30"}
{"level":"info","message":"Synced 53 alerts from server e18fa7f0-10f8-4716-889e-237cd0516f23","service":"dcim-aggregator","timestamp":"2026-02-11 14:41:30"}
{"level":"info","message":"Synced 53 alerts from server e18fa7f0-10f8-4716-889e-237cd0516f23","service":"dcim-aggregator","timestamp":"2026-02-11 14:41:45"}
{"level":"info","message":"Synced 1 agents from server e18fa7f0-10f8-4716-889e-237cd0516f23","service":"dcim-aggregator","timestamp":"2026-02-11 14:42:01"}
{"level":"info","message":"Synced 53 alerts from server e18fa7f0-10f8-4716-889e-237cd0516f23","service":"dcim-aggregator","timestamp":"2026-02-11 14:42:01"}
{"level":"info","message":"Synced 53 alerts from server e18fa7f0-10f8-4716-889e-237cd0516f23","service":"dcim-aggregator","timestamp":"2026-02-11 14:42:15"}
{"level":"info","message":"Synced 1 agents from server e18fa7f0-10f8-4716-889e-237cd0516f23","service":"dcim-aggregator","timestamp":"2026-02-11 14:42:30"}
{"level":"info","message":"Synced 53 alerts from server e18fa7f0-10f8-4716-889e-237cd0516f23","service":"dcim-aggregator","timestamp":"2026-02-11 14:42:30"}
{"level":"info","message":"Synced 54 alerts from server e18fa7f0-10f8-4716-889e-237cd0516f23","service":"dcim-aggregator","timestamp":"2026-02-11 14:42:45"}
