
в•”в•ђв•ђв•ђв•ђв•ђв•ђв•ђв•ђв•ђв•ђв•ђв•ђв•ђв•ђв•ђв•ђв•ђв•ђв•ђв•ђв•ђв•ђв•ђв•ђв•ђв•ђв•ђв•ђв•ђв•ђв•ђв•ђв•ђв•ђв•ђв•ђв•ђв•ђв•ђв•ђв•ђв•ђв•ђв•ђв•ђв•ђв•ђв•ђв•ђв•ђв•ђв•ђв•ђв•ђв•ђв•ђв•ђв•ђв•ђв•ђв•ђв•ђв•—
в•‘                                                              в•‘
в•‘   в–€в–€в–€в–€в–€в–€в•—  в–€в–€в–€в–€в–€в–€в•—в–€в–€в•—в–€в–€в–€в•—   в–€в–€в–€в•—    в–€в–€в–€в–€в–€в–€в–€в•—в–€в–€в–€в–€в–€в–€в–€в•—в–€в–€в–€в–€в–€в–€в•— в•‘
в•‘   в–€в–€в•”в•ђв•ђв–€в–€в•—в–€в–€в•”в•ђв•ђв•ђв•ђв•ќв–€в–€в•‘в–€в–€в–€в–€в•— в–€в–€в–€в–€в•‘    в–€в–€в•”в•ђв•ђв•ђв•ђв•ќв–€в–€в•”в•ђв•ђв•ђв•ђв•ќв–€в–€в•”в•ђв•ђв–€в–€в•—в•‘
в•‘   в–€в–€в•‘  в–€в–€в•‘в–€в–€в•‘     в–€в–€в•‘в–€в–€в•”в–€в–€в–€в–€в•”в–€в–€в•‘    в–€в–€в–€в–€в–€в–€в–€в•—в–€в–€в–€в–€в–€в•—  в–€в–€в–€в–€в–€в–€в•”в•ќв•‘
в•‘   в–€в–€в•‘  в–€в–€в•‘в–€в–€в•‘     в–€в–€в•‘в–€в–€в•‘в•љв–€в–€в•”в•ќв–€в–€в•‘    в•љв•ђв•ђв•ђв•ђв–€в–€в•‘в–€в–€в•”в•ђв•ђв•ќ  в–€в–€в•”в•ђв•ђв–€в–€в•—в•‘
в•‘   в–€в–€в–€в–€в–€в–€в•”в•ќв•љв–€в–€в–€в–€в–€в–€в•—в–€в–€в•‘в–€в–€в•‘ в•љв•ђв•ќ в–€в–€в•‘    в–€в–€в–€в–€в–€в–€в–€в•‘в–€в–€в–€в–€в–€в–€в–€в•—в–€в–€в•‘  в–€в–€в•‘в•‘
в•‘   в•љв•ђв•ђв•ђв•ђв•ђв•ќ  в•љв•ђв•ђв•ђв•ђв•ђв•ќв•љв•ђв•ќв•љв•ђв•ќ     в•љв•ђв•ќ    в•љв•ђв•ђв•ђв•ђв•ђв•ђв•ќв•љв•ђв•ђв•ђв•ђв•ђв•ђв•ќв•љв•ђв•ќ  в•љв•ђв•ќв•‘
в•‘                                                              в•‘
в•‘         Data Center Infrastructure Monitoring Server        в•‘
в•‘                       Version 1.0.0                         в•‘
в•‘                                                              в•‘
в•љв•ђв•ђв•ђв•ђв•ђв•ђв•ђв•ђв•ђв•ђв•ђв•ђв•ђв•ђв•ђв•ђв•ђв•ђв•ђв•ђв•ђв•ђв•ђв•ђв•ђв•ђв•ђв•ђв•ђв•ђв•ђв•ђв•ђв•ђв•ђв•ђв•ђв•ђв•ђв•ђв•ђв•ђв•ђв•ђв•ђв•ђв•ђв•ђв•ђв•ђв•ђв•ђв•ђв•ђв•ђв•ђв•ђв•ђв•ђв•ђв•ђв•ђв•ќ

2026/02/04 17:21:21 Loading configuration from: config.yaml
2026/02/04 17:21:21 Configuration loaded successfully
2026/02/04 17:21:21 Initializing database (postgres)...
2026/02/04 17:21:21 Database initialized successfully
2026/02/04 17:21:21 Initializing license manager...
2026/02/04 17:21:21 License manager initialized successfully
2026/02/04 17:21:21 Creating server...
[SERVER] 2026/02/04 17:21:21 ================================================================================
[SERVER] 2026/02/04 17:21:21   DCIM Server - Data Center Infrastructure Monitor
[SERVER] 2026/02/04 17:21:21 ================================================================================
[SERVER] 2026/02/04 17:21:21 
[SERVER] 2026/02/04 17:21:21 License Information:
[SERVER] 2026/02/04 17:21:21   Company: Example Company
[SERVER] 2026/02/04 17:21:21   Max Agents: 100
[SERVER] 2026/02/04 17:21:21   Max SNMP Devices: 500
[SERVER] 2026/02/04 17:21:21   Expires: 2027-02-03 (363 days)
[SERVER] 2026/02/04 17:21:21 
[SERVER] 2026/02/04 17:21:21 Server Configuration:
[SERVER] 2026/02/04 17:21:21   Address: 0.0.0.0:8443
[SERVER] 2026/02/04 17:21:21   TLS Enabled: false
[SERVER] 2026/02/04 17:21:21   Database: postgres
[SERVER] 2026/02/04 17:21:21 
[SERVER] 2026/02/04 17:21:21 API Endpoints:
[SERVER] 2026/02/04 17:21:21   POST /api/v1/metrics
[SERVER] 2026/02/04 17:21:21   POST /api/v1/alerts
[SERVER] 2026/02/04 17:21:21   POST /api/v1/snmp-metrics
[SERVER] 2026/02/04 17:21:21   POST /api/v1/register
[SERVER] 2026/02/04 17:21:21   GET  /health
[SERVER] 2026/02/04 17:21:21 
[SERVER] 2026/02/04 17:21:21 ================================================================================
[SERVER] 2026/02/04 17:21:21 
[SERVER] 2026/02/04 17:21:21 Server starting on http://0.0.0.0:8443
[SERVER] 2026/02/04 17:21:21 -> GET /api/v1/events (Agent: , IP: 127.0.0.1:62751)
[SERVER] 2026/02/04 17:21:21 SSE client connected: client-1 (Total clients: 1)
[SERVER] 2026/02/04 17:21:21 -> GET /api/v1/agents (Agent: , IP: [::1]:54851)
[SERVER] 2026/02/04 17:21:21 <- GET /api/v1/agents completed in 3.9925ms
[SERVER] 2026/02/04 17:21:24 Auto-registering agent: Faber-1770205631 (CN: , IP: [::1])
[SERVER] 2026/02/04 17:21:24 -> POST /api/v1/alerts (Agent: Faber-1770205631, IP: [::1]:54854)
[SERVER] 2026/02/04 17:21:24 Stored 2 alerts from agent Faber-1770205631
[SERVER] 2026/02/04 17:21:24 <- POST /api/v1/alerts completed in 8.763ms
[SERVER] 2026/02/04 17:21:26 -> POST /api/v1/alerts (Agent: Faber-1770205631, IP: [::1]:54854)
[SERVER] 2026/02/04 17:21:26 Stored 100 alerts from agent Faber-1770205631
[SERVER] 2026/02/04 17:21:26 <- POST /api/v1/alerts completed in 14.8333ms
[SERVER] 2026/02/04 17:21:27 -> POST /api/v1/metrics (Agent: Faber-1770205631, IP: [::1]:54854)
[SERVER] 2026/02/04 17:21:27 Stored 100 metrics from agent Faber-1770205631
[SERVER] 2026/02/04 17:21:27 <- POST /api/v1/metrics completed in 24.1125ms
[SERVER] 2026/02/04 17:21:51 SSE client disconnected: client-1 (Total clients: 0)
[SERVER] 2026/02/04 17:21:51 <- GET /api/v1/events completed in 30.0009462s
[SERVER] 2026/02/04 17:21:54 -> POST /api/v1/alerts (Agent: Faber-1770205631, IP: [::1]:54854)
[SERVER] 2026/02/04 17:21:54 Stored 2 alerts from agent Faber-1770205631
[SERVER] 2026/02/04 17:21:54 <- POST /api/v1/alerts completed in 3.7177ms
[SERVER] 2026/02/04 17:21:54 -> GET /api/v1/events (Agent: , IP: [::1]:52961)
[SERVER] 2026/02/04 17:21:54 SSE client connected: client-2 (Total clients: 1)
[SERVER] 2026/02/04 17:21:54 -> GET /api/v1/agents (Agent: , IP: [::1]:51520)
[SERVER] 2026/02/04 17:21:54 <- GET /api/v1/agents completed in 953.9Вµs
[SERVER] 2026/02/04 17:21:58 -> GET /api/v1/agents (Agent: , IP: [::1]:64013)
[SERVER] 2026/02/04 17:21:58 <- GET /api/v1/agents completed in 866.4Вµs
[SERVER] 2026/02/04 17:22:00 SSE client disconnected: client-2 (Total clients: 0)
[SERVER] 2026/02/04 17:22:00 <- GET /api/v1/events completed in 6.135694s
[SERVER] 2026/02/04 17:22:01 -> GET /api/v1/agents (Agent: , IP: [::1]:64013)
[SERVER] 2026/02/04 17:22:01 <- GET /api/v1/agents completed in 997Вµs
[SERVER] 2026/02/04 17:22:01 -> GET /api/v1/events (Agent: , IP: [::1]:64013)
[SERVER] 2026/02/04 17:22:01 SSE client connected: client-3 (Total clients: 1)
[SERVER] 2026/02/04 17:22:01 -> GET /api/v1/agents (Agent: , IP: [::1]:51001)
[SERVER] 2026/02/04 17:22:01 <- GET /api/v1/agents completed in 884.8Вµs
[SERVER] 2026/02/04 17:22:03 SSE client disconnected: client-3 (Total clients: 0)
[SERVER] 2026/02/04 17:22:03 <- GET /api/v1/events completed in 1.9124628s
[SERVER] 2026/02/04 17:22:03 -> GET /api/v1/agents (Agent: , IP: [::1]:51001)
[SERVER] 2026/02/04 17:22:03 <- GET /api/v1/agents completed in 971.5Вµs
[SERVER] 2026/02/04 17:22:03 -> GET /api/v1/events (Agent: , IP: [::1]:51001)
[SERVER] 2026/02/04 17:22:03 SSE client connected: client-4 (Total clients: 1)
[SERVER] 2026/02/04 17:22:03 -> GET /api/v1/agents (Agent: , IP: [::1]:62203)
[SERVER] 2026/02/04 17:22:03 <- GET /api/v1/agents completed in 510.3Вµs
[SERVER] 2026/02/04 17:22:03 SSE client disconnected: client-4 (Total clients: 0)
[SERVER] 2026/02/04 17:22:03 <- GET /api/v1/events completed in 534.8899ms
[SERVER] 2026/02/04 17:22:03 -> GET /api/v1/agents (Agent: , IP: [::1]:62203)
[SERVER] 2026/02/04 17:22:03 <- GET /api/v1/agents completed in 507Вµs
[SERVER] 2026/02/04 17:22:03 -> GET /api/v1/events (Agent: , IP: [::1]:59625)
[SERVER] 2026/02/04 17:22:03 SSE client connected: client-5 (Total clients: 1)
[SERVER] 2026/02/04 17:22:03 -> GET /api/v1/agents (Agent: , IP: [::1]:62203)
[SERVER] 2026/02/04 17:22:03 <- GET /api/v1/agents completed in 535.9Вµs
[SERVER] 2026/02/04 17:22:04 SSE client disconnected: client-5 (Total clients: 0)
[SERVER] 2026/02/04 17:22:04 <- GET /api/v1/events completed in 1.0292529s
[SERVER] 2026/02/04 17:22:04 -> GET /api/v1/agents (Agent: , IP: [::1]:62203)
[SERVER] 2026/02/04 17:22:04 <- GET /api/v1/agents completed in 507.9Вµs
[SERVER] 2026/02/04 17:22:04 -> GET /api/v1/events (Agent: , IP: [::1]:59130)
[SERVER] 2026/02/04 17:22:04 SSE client connected: client-6 (Total clients: 1)
[SERVER] 2026/02/04 17:22:04 -> GET /api/v1/agents (Agent: , IP: [::1]:62203)
[SERVER] 2026/02/04 17:22:04 <- GET /api/v1/agents completed in 508.3Вµs
[SERVER] 2026/02/04 17:22:24 -> POST /api/v1/alerts (Agent: Faber-1770205631, IP: [::1]:54854)
[SERVER] 2026/02/04 17:22:24 Stored 2 alerts from agent Faber-1770205631
[SERVER] 2026/02/04 17:22:24 <- POST /api/v1/alerts completed in 1.9148ms
[SERVER] 2026/02/04 17:22:25 -> GET /api/v1/agents (Agent: , IP: [::1]:55537)
[SERVER] 2026/02/04 17:22:25 <- GET /api/v1/agents completed in 521.8Вµs
[SERVER] 2026/02/04 17:22:49 SSE client disconnected: client-6 (Total clients: 0)
[SERVER] 2026/02/04 17:22:49 <- GET /api/v1/events completed in 45.000429s
[SERVER] 2026/02/04 17:22:49 -> GET /api/v1/agents (Agent: , IP: [::1]:63848)
[SERVER] 2026/02/04 17:22:49 <- GET /api/v1/agents completed in 1.6026ms
[SERVER] 2026/02/04 17:22:52 -> GET /api/v1/events (Agent: , IP: [::1]:63848)
[SERVER] 2026/02/04 17:22:52 SSE client connected: client-7 (Total clients: 1)
[SERVER] 2026/02/04 17:22:52 -> GET /api/v1/agents (Agent: , IP: [::1]:56899)
[SERVER] 2026/02/04 17:22:52 <- GET /api/v1/agents completed in 505.9Вµs
[SERVER] 2026/02/04 17:22:54 -> POST /api/v1/alerts (Agent: Faber-1770205631, IP: [::1]:54854)
[SERVER] 2026/02/04 17:22:54 Stored 2 alerts from agent Faber-1770205631
[SERVER] 2026/02/04 17:22:54 <- POST /api/v1/alerts completed in 2.1096ms
[SERVER] 2026/02/04 17:23:11 -> POST /api/v1/alerts (Agent: Faber-1770205631, IP: [::1]:54854)
[SERVER] 2026/02/04 17:23:11 Stored 100 alerts from agent Faber-1770205631
[SERVER] 2026/02/04 17:23:11 <- POST /api/v1/alerts completed in 18.0853ms
[SERVER] 2026/02/04 17:23:11 -> POST /api/v1/metrics (Agent: Faber-1770205631, IP: [::1]:54854)
[SERVER] 2026/02/04 17:23:11 Stored 100 metrics from agent Faber-1770205631
[SERVER] 2026/02/04 17:23:11 <- POST /api/v1/metrics completed in 22.9058ms
[SERVER] 2026/02/04 17:23:22 SSE client disconnected: client-7 (Total clients: 0)
[SERVER] 2026/02/04 17:23:22 <- GET /api/v1/events completed in 30.0008936s
[SERVER] 2026/02/04 17:23:22 -> GET /api/v1/agents (Agent: , IP: [::1]:50199)
[SERVER] 2026/02/04 17:23:22 <- GET /api/v1/agents completed in 538.3Вµs
[SERVER] 2026/02/04 17:23:24 -> POST /api/v1/alerts (Agent: Faber-1770205631, IP: [::1]:54854)
[SERVER] 2026/02/04 17:23:24 Stored 2 alerts from agent Faber-1770205631
[SERVER] 2026/02/04 17:23:24 <- POST /api/v1/alerts completed in 2.0795ms
[SERVER] 2026/02/04 17:23:25 -> GET /api/v1/events (Agent: , IP: [::1]:50199)
[SERVER] 2026/02/04 17:23:25 SSE client connected: client-8 (Total clients: 1)
[SERVER] 2026/02/04 17:23:25 -> GET /api/v1/agents (Agent: , IP: [::1]:54783)
[SERVER] 2026/02/04 17:23:25 <- GET /api/v1/agents completed in 510.1Вµs
[SERVER] 2026/02/04 17:23:54 -> POST /api/v1/alerts (Agent: Faber-1770205631, IP: [::1]:54854)
[SERVER] 2026/02/04 17:23:54 Stored 2 alerts from agent Faber-1770205631
[SERVER] 2026/02/04 17:23:54 <- POST /api/v1/alerts completed in 2.6425ms
[SERVER] 2026/02/04 17:23:55 SSE client disconnected: client-8 (Total clients: 0)
[SERVER] 2026/02/04 17:23:55 <- GET /api/v1/events completed in 30.0001975s
[SERVER] 2026/02/04 17:23:55 -> GET /api/v1/agents (Agent: , IP: [::1]:52584)
[SERVER] 2026/02/04 17:23:55 <- GET /api/v1/agents completed in 505.1Вµs
[SERVER] 2026/02/04 17:23:58 -> GET /api/v1/events (Agent: , IP: [::1]:52584)
[SERVER] 2026/02/04 17:23:58 SSE client connected: client-9 (Total clients: 1)
[SERVER] 2026/02/04 17:23:58 -> GET /api/v1/agents (Agent: , IP: [::1]:62688)
[SERVER] 2026/02/04 17:23:58 <- GET /api/v1/agents completed in 0s
[SERVER] 2026/02/04 17:24:28 SSE client disconnected: client-9 (Total clients: 0)
[SERVER] 2026/02/04 17:24:28 <- GET /api/v1/events completed in 30.0005993s
[SERVER] 2026/02/04 17:24:28 -> GET /api/v1/agents (Agent: , IP: [::1]:57897)
[SERVER] 2026/02/04 17:24:28 <- GET /api/v1/agents completed in 1.0258ms
[SERVER] 2026/02/04 17:24:31 -> GET /api/v1/events (Agent: , IP: [::1]:57897)
[SERVER] 2026/02/04 17:24:31 SSE client connected: client-10 (Total clients: 1)
[SERVER] 2026/02/04 17:24:31 -> GET /api/v1/agents (Agent: , IP: [::1]:54958)
[SERVER] 2026/02/04 17:24:31 <- GET /api/v1/agents completed in 528Вµs
[SERVER] 2026/02/04 17:25:01 SSE client disconnected: client-10 (Total clients: 0)
[SERVER] 2026/02/04 17:25:01 <- GET /api/v1/events completed in 30.0002289s
[SERVER] 2026/02/04 17:25:01 -> GET /api/v1/agents (Agent: , IP: [::1]:57574)
[SERVER] 2026/02/04 17:25:01 <- GET /api/v1/agents completed in 755.5Вµs
[SERVER] 2026/02/04 17:25:04 -> GET /api/v1/events (Agent: , IP: [::1]:57574)
[SERVER] 2026/02/04 17:25:04 SSE client connected: client-11 (Total clients: 1)
[SERVER] 2026/02/04 17:25:04 -> GET /api/v1/agents (Agent: , IP: [::1]:58320)
[SERVER] 2026/02/04 17:25:04 <- GET /api/v1/agents completed in 696.8Вµs
exit status 1
